c:\users\etudiant2\desktop\editeur de map t3d\projetsfml\x64\debug\vc141.pdb
c:\users\etudiant2\desktop\editeur de map t3d\projetsfml\x64\debug\vc141.idb
c:\users\etudiant2\desktop\editeur de map t3d\projetsfml\x64\debug\utils.obj
c:\users\etudiant2\desktop\editeur de map t3d\projetsfml\x64\debug\selectionstate.obj
c:\users\etudiant2\desktop\editeur de map t3d\projetsfml\x64\debug\projetsfml.obj
c:\users\etudiant2\desktop\editeur de map t3d\projetsfml\x64\debug\placement.obj
c:\users\etudiant2\desktop\editeur de map t3d\projetsfml\x64\debug\mapt3d.obj
c:\users\etudiant2\desktop\editeur de map t3d\projetsfml\x64\debug\map.obj
c:\users\etudiant2\desktop\editeur de map t3d\projetsfml\x64\debug\editorstate.obj
c:\users\etudiant2\desktop\editeur de map t3d\projetsfml\x64\debug\decors.obj
c:\users\etudiant2\desktop\editeur de map t3d\projetsfml\x64\debug\displaystate.obj
c:\users\etudiant2\desktop\editeur de map t3d\x64\debug\projetsfml.exe
c:\users\etudiant2\desktop\editeur de map t3d\x64\debug\projetsfml.ilk
c:\users\etudiant2\desktop\editeur de map t3d\x64\debug\projetsfml.pdb
c:\users\etudiant2\desktop\editeur de map t3d\projetsfml\x64\debug\projetsfml.tlog\cl.command.1.tlog
c:\users\etudiant2\desktop\editeur de map t3d\projetsfml\x64\debug\projetsfml.tlog\cl.read.1.tlog
c:\users\etudiant2\desktop\editeur de map t3d\projetsfml\x64\debug\projetsfml.tlog\cl.write.1.tlog
c:\users\etudiant2\desktop\editeur de map t3d\projetsfml\x64\debug\projetsfml.tlog\link.command.1.tlog
c:\users\etudiant2\desktop\editeur de map t3d\projetsfml\x64\debug\projetsfml.tlog\link.read.1.tlog
c:\users\etudiant2\desktop\editeur de map t3d\projetsfml\x64\debug\projetsfml.tlog\link.write.1.tlog
